<?xml version="1.0" encoding="UTF-8"?>
<!-- Generated by org.testng.reporters.JUnitXMLReporter -->
<testsuite hostname="MacBook-Pro-6.local" ignored="1" name="简单测试3" tests="4" failures="0" timestamp="25 二月 2021 06:39:39 GMT" time="20.022" errors="0">
  <testcase name="testCase1" time="5.006" classname="test.sample.TagTest"/>
  <testcase name="testAdd1" time="10.003" classname="test.sample.DataProviderTest"/>
  <testcase name="testCase3" time="15.013" classname="test.sample.TagTest"/>
  <testcase name="testCase2" time="20.018" classname="test.sample.TagTest"/>
  <testcase name="testCase4" time="0.0" classname="test.sample.TagTest">
    <ignored/>
  </testcase> <!-- testCase4 -->
</testsuite> <!-- 简单测试3 -->
