<?xml version="1.0" encoding="UTF-8"?>
<!-- Generated by org.testng.reporters.JUnitXMLReporter -->
<testsuite hostname="MacBook-Pro-6.local" ignored="4" name="简单测试1" tests="5" failures="0" timestamp="25 二月 2021 06:38:59 GMT" time="50.251" errors="0">
  <testcase name="testCase2" time="30.079" classname="com.test.api.test2"/>
  <testcase name="getMembershipActive" time="38.722" classname="com.test.api.test1"/>
  <testcase name="GetParam" time="40.317" classname="com.test.api.test1"/>
  <testcase name="postRecommendAlbums" time="46.972" classname="com.test.api.test1"/>
  <testcase name="testCase1" time="50.059" classname="com.test.api.test2"/>
  <testcase name="getTest1" time="0.0" classname="com.test.api.test1">
    <ignored/>
  </testcase> <!-- getTest1 -->
  <testcase name="getTest2" time="0.0" classname="com.test.api.test1">
    <ignored/>
  </testcase> <!-- getTest2 -->
  <testcase name="PostTextParam" time="0.0" classname="com.test.api.test1">
    <ignored/>
  </testcase> <!-- PostTextParam -->
  <testcase name="testCase1" time="0.0" classname="com.test.api.test1">
    <ignored/>
  </testcase> <!-- testCase1 -->
</testsuite> <!-- 简单测试1 -->
