<?xml version="1.0" encoding="UTF-8"?>
<!-- Generated by org.testng.reporters.JUnitXMLReporter -->
<testsuite hostname="MacBook-Pro-6.local" ignored="0" name="Himalaya接口测试" tests="5" failures="0" timestamp="01 七月 2021 09:55:21 GMT" time="5.811" errors="0">
  <testcase name="getMembershipUnactive" time="5.534" classname="com.himalaya.api.hipointsweb.Membership"/>
  <testcase name="getMembershipActiveDay" time="5.552" classname="com.himalaya.api.hipointsweb.Membership"/>
  <testcase name="querySubscribe" time="5.553" classname="com.himalaya.api.subscribe.Subscribe"/>
  <testcase name="getMembershipActive" time="5.573" classname="com.himalaya.api.hipointsweb.Membership"/>
  <testcase name="postRecommendAlbums" time="5.579" classname="com.himalaya.api.userguide.Onboarding"/>
</testsuite> <!-- Himalaya接口测试 -->
