<?xml version="1.0" encoding="UTF-8"?>
<testsuite xmlns:xsi="http://www.w3.org/2001/XMLSchema-instance" xsi:noNamespaceSchemaLocation="https://maven.apache.org/surefire/maven-surefire-plugin/xsd/surefire-test-report.xsd" name="TestSuite" time="10.11" tests="5" errors="0" skipped="0" failures="0">
  <properties>
[...]
</properties>
  <testcase name="querySubscribe" classname="com.himalaya.api.subscribe.Subscribe" time="5.579"/>
  <testcase name="postRecommendAlbums" classname="com.himalaya.api.userguide.Onboarding" time="5.581"/>
  <testcase name="getMembershipUnactive" classname="com.himalaya.api.hipointsweb.Membership" time="5.582"/>
  <testcase name="getMembershipActive" classname="com.himalaya.api.hipointsweb.Membership" time="5.582"/>
  <testcase name="getMembershipActiveDay" classname="com.himalaya.api.hipointsweb.Membership" time="5.582"/>
</testsuite>